parameter file: Genesis.pca.par
### THE INPUT PARAMETERS
##PARAMETER NAME: VALUE
genotypename: Genesis.ped
snpname: Genesis.map
indivname: Genesis.ped
evecoutname: Genesis.pca.evec
evaloutname: Genesis.eval
altnormstyle: NO
numoutevec: 10
numoutlieriter: 5
numoutlierevec: 10
outliersigmathresh: 6
qtmode: 0
## smartpca version: 13050
norm used

genetic distance set from physical distance
snp order check fail (gdis order != physdis order): Genesis.map (processing continues)    1 90171 9017091 
snp order check fail (gdis order != physdis order): Genesis.map (processing continues)    1 90116 9011627 
snp order check fail (gdis order != physdis order): Genesis.map (processing continues)    1 90117 9011722 
snp order check fail (gdis order != physdis order): Genesis.map (processing continues)    1 2407762 240776222 
snp order check fail (gdis order != physdis order): Genesis.map (processing continues)    1 2407933 240793329 
snp order check fail (gdis order != physdis order): Genesis.map (processing continues)    1 2407961 240796125 
snp order check fail (gdis order != physdis order): Genesis.map (processing continues)    1 2408001 240800082 
snp order check fail (gdis order != physdis order): Genesis.map (processing continues)    1 2408102 240810197 
snp order check fail (gdis order != physdis order): Genesis.map (processing continues)    1 2408357 240835685 
