ABCF1
ABHD16A
ACAA2
ACADM
ACKR2
ACTN3
ACVR1
ACVR2A
ADRB1
AEN
AKAP8
AKAP9
AKNAD1
ANKRD23
AP3B1
APLP1
APOB
APP
ARF1
ARF3
ARNT2
ARPC1B
ARRB2
ARVCF
ATAD5
ATF2
ATF6B
BABAM1
BAG6
BCL3
BEX1
BLM
BMI1
BMP6
BRCA1
BZW1
C14orf166
C1QBP
CAPN3
CASP10
CASP8
CBL
CCND3
CCNT1
CCT7
CD59
CDC6
CDC7
CDH5
CDK2
CDKN2A
CDKN3
CEP152
CFL1
CHRNA9
CITED2
CLIC1
CLK1
CLTC
CPT1A
CREBBP
CREBZF
CRLF3
CSF1R
CSK
CSNK2B
CSRP1
CTNNA3
CTSD
CUL3
CYP3A4
DAZAP1
DBF4
DCN
DCP1A
DDA1
DDB2
DDX20
DDX54
DET1
DLEU1
DNAJB8
DNAJC1
DNASE1L2
DOCK8
DPT
E4F1
EFEMP2
EGFR
EHMT2
EIF3E
EP300
EPHA3
ERC1
ERGIC2
ERLIN1
ERP44
ESR1
EXOSC4
FAM124B
FBXO18
FGF1
FGF2
FGF7
FGFR1
FGFR2
FKBPL
FLNA
FOSL1
FOXI1
FOXN1
FRAT1
FYN
GABARAP
GABRG2
GATA2
GCK
GFOD1
GNAZ
GPRASP2
GPSM2
GRAMD1A
GRIK1
GRIK2
GTF2H4
GTF3C2
HAND2
HARS2
HBEGF
HNF4A
HNRNPA1
HNRNPM
HOOK1
HOXC6
HSF2
HSP90AA1
HSPA1A
HSPA1B
HSPA1L
HSPA5
HSPB1
HTATSF1
IGFBP3
IGSF5
INADL
ITGA5
ITGAV
ITPR1
KAT5
KAT7
KCNH1
KDR
KHDRBS2
KIAA1244
KIF20A
KLC3
KRT13
KRT14
KRT15
KRT16
KRT19
KTN1
LAMTOR5
LDHB
LENG1
LGALS8
LIMK1
LMO7
LNX1
LSM1
LSM2
LSM3
LSM4
LSM5
LYN
MAGI1
MAGI2
MAP2K4
MAP3K1
MAPK8IP2
MCM2
MCM3
MCM5
MED30
MED6
MKL1
MMS19
MPP6
MREG
MRPL19
MRPL34
MRPL44
MRPL46
MRPL48
MRPS18B
MRPS30
MS4A3
MSH3
MX1
MX2
MYPN
N4BP2
NEDD4
NEK10
NFKBIA
NFYB
NMT2
NPAS4
NR1H4
NR2E1
NR2F6
NR3C1
NRD1
NTRK1
NUDT18
NUMA1
ODF2
ORC1
ORC2
ORC4
ORC5
PCBD1
PCNA
PDIA4
PDS5A
PIK3R1
PIPSL
PLCG1
PLEKHB1
PLEKHO1
PLG
PLXNA3
PON2
PPARGC1B
PPHLN1
PPIF
PPM1A
PPP1CA
PPP1R10
PRADC1
PRG2
PRPF19
PRPF31
PRR3
PRRC2A
PSEN2
PXN
RAB5C
RAB6A
RABGGTB
RAD52
RALBP1
RAP1GDS1
RB1
RBBP8
RBM8A
RCOR1
RGS17
RGS19
RHOG
RNF103
RNF5
RNPS1
RPA1
RPA2
RPA3
RPL37A
RPS15
RPS20
RPS6
RPS9
SAPCD1
SDCBP
SFN
SIM1
SIM2
SLC2A2
SLC2A4
SLC4A1
SLC4A7
SMARCA4
SMOC1
SMYD5
SNCAIP
SNX3
SNX9
STAT3
STAT5A
STAT5B
STXBP3
SUMO1
SYNPO2
TAL1
TBCE
TCF4
TFAM
TFAP2B
TFPT
TGFB1
TGFB1I1
THOC2
TMEM109
TMEM132A
TMEM67
TNFRSF10A
TOPBP1
TOX3
TP53
TP53INP1
TRAPPC2
TRIP10
TSG101
TSPAN3
TTF1
TXN
UBAP2L
UBE2D1
UBE2I
UCP2
UCP3
UHRF2
ULK2
USHBP1
VARS
VAV3
VWA7
WDYHV1
WNK1
XRN1
YWHAZ
ZCRB1
ZFYVE16
ZMAT2
ZMIZ1
